<?xml version="1.0" encoding="UTF-8"?>
<!-- Generated by org.testng.reporters.JUnitXMLReporter -->
<testsuite ignored="7" hostname="dhasa" failures="0" tests="4" name="Default test(failed)(failed)" time="22.522" errors="0" timestamp="2022-04-04T12:21:23 IST">
  <testcase classname="test.TestNGProject" name="googleSearch3" time="10.38"/>
  <testcase classname="test.TestNGProject" name="googleSearch5" time="3.322"/>
  <testcase classname="test.TestNGProject" name="googleSearch2" time="3.226"/>
  <testcase classname="test.TestNGProject" name="googleSearch4" time="2.522"/>
  <testcase classname="test.TestNGProject" name="googleSearch11" time="0.0">
    <ignored/>
  </testcase> <!-- googleSearch11 -->
  <testcase classname="test.TestNGProject" name="googleSearch10" time="0.0">
    <ignored/>
  </testcase> <!-- googleSearch10 -->
  <testcase classname="test.TestNGProject" name="googleSearch9" time="0.0">
    <ignored/>
  </testcase> <!-- googleSearch9 -->
  <testcase classname="test.TestNGProject" name="googleSearch6" time="0.0">
    <ignored/>
  </testcase> <!-- googleSearch6 -->
  <testcase classname="test.TestNGProject" name="googleSearch" time="0.0">
    <ignored/>
  </testcase> <!-- googleSearch -->
  <testcase classname="test.TestNGProject" name="googleSearch7" time="0.0">
    <ignored/>
  </testcase> <!-- googleSearch7 -->
  <testcase classname="test.TestNGProject" name="googleSearch8" time="0.0">
    <ignored/>
  </testcase> <!-- googleSearch8 -->
</testsuite> <!-- Default test(failed)(failed) -->
