<?xml version="1.0" encoding="UTF-8"?>
<testng-results ignored="0" total="2" passed="2" failed="0" skipped="0">
  <reporter-output>
  </reporter-output>
  <suite started-at="2022-04-21T13:36:07 IST" name="Default suite" finished-at="2022-04-21T13:36:37 IST" duration-ms="29883">
    <groups>
    </groups>
    <test started-at="2022-04-21T13:36:07 IST" name="Default test" finished-at="2022-04-21T13:36:37 IST" duration-ms="29883">
      <class name="test.DataDrivenTesting">
        <test-method is-config="true" signature="setup()[pri:0, instance:test.DataDrivenTesting@3bb9a3ff]" started-at="2022-04-21T13:36:07 IST" name="setup" finished-at="2022-04-21T13:36:27 IST" duration-ms="19776" status="PASS">
          <reporter-output>
          </reporter-output>
        </test-method> <!-- setup -->
        <test-method signature="loginTest(java.lang.String,java.lang.String,java.lang.String)[pri:0, instance:test.DataDrivenTesting@3bb9a3ff]" started-at="2022-04-21T13:36:31 IST" name="loginTest" data-provider="login" finished-at="2022-04-21T13:36:35 IST" duration-ms="4624" status="PASS">
          <params>
            <param index="0">
              <value>
                <![CDATA[Dhasarathan]]>
              </value>
            </param>
            <param index="1">
              <value>
                <![CDATA[Nagarajan]]>
              </value>
            </param>
            <param index="2">
              <value>
                <![CDATA[Valid]]>
              </value>
            </param>
          </params>
          <reporter-output>
          </reporter-output>
        </test-method> <!-- loginTest -->
        <test-method signature="loginTest(java.lang.String,java.lang.String,java.lang.String)[pri:0, instance:test.DataDrivenTesting@3bb9a3ff]" started-at="2022-04-21T13:36:35 IST" name="loginTest" data-provider="login" finished-at="2022-04-21T13:36:37 IST" duration-ms="1138" status="PASS">
          <params>
            <param index="0">
              <value>
                <![CDATA[Dhasa]]>
              </value>
            </param>
            <param index="1">
              <value>
                <![CDATA[Naga]]>
              </value>
            </param>
            <param index="2">
              <value>
                <![CDATA[Invalid]]>
              </value>
            </param>
          </params>
          <reporter-output>
          </reporter-output>
        </test-method> <!-- loginTest -->
        <test-method is-config="true" signature="tearDown()[pri:0, instance:test.DataDrivenTesting@3bb9a3ff]" started-at="2022-04-21T13:36:37 IST" name="tearDown" finished-at="2022-04-21T13:36:37 IST" duration-ms="343" status="PASS">
          <reporter-output>
          </reporter-output>
        </test-method> <!-- tearDown -->
      </class> <!-- test.DataDrivenTesting -->
    </test> <!-- Default test -->
  </suite> <!-- Default suite -->
</testng-results>
